[LOG] System::create                           : Header version = 2.01.04. Current version = 2.01.04.
[LOG] Manager::init                            : maxchannels = 256 studioflags = 00000006 flags 00000000 extradriverdata 0000000000000000.
[LOG] SystemI::init                            : Initialize version=20104 (111454), maxchannels=256, flags=0x00020000
[LOG] SystemI::setOutputInternal               : Setting output to 'FMOD WASAPI Output'
[LOG] OutputWASAPI::init                       : Mix Format (WAVEFORMATEX): wFormatTag=0xFFFE, nChannels=2, nSamplesPerSec=48000, nAvgBytesPerSec=384000, nBlockAlign=8, wBitsPerSample=32, cbSize=22.
[LOG] OutputWASAPI::init                       : Mix Format (WAVEFORMATEXTENSIBLE): wValidBitsPerSample=32, dwChannelMask=0x00000003, SubFormat=00000003-0000-0010-8000-00AA00389B71.
[LOG] OutputWASAPI::init                       : Output buffer size: 4096 samples, latency: 0.00ms, period: 10.00ms, DSP buffer: 1024 * 4
[LOG] Thread::initThread                       : Init FMOD stream thread. Affinity: 0x8000000000000003, Priority: 0xFFFF7FFB, Stack Size: 98304, Semaphore: No, Sleep Time: 10, Looping: Yes.
[LOG] Thread::initThread                       : Init FMOD mixer thread. Affinity: 0x8000000000000001, Priority: 0xFFFF7FFA, Stack Size: 81920, Semaphore: No, Sleep Time: 0, Looping: Yes.
[LOG] AsyncManager::init                       : manager 0000020731E44898 isAsync 0 updatePeriod 0.02
[LOG] AsyncManager::init                       : done
[LOG] PlaybackSystem::init                     : 
[LOG] Thread::initThread                       : Init FMOD Studio sample load thread. Affinity: 0x8000000000000003, Priority: 0xFFFF7FFD, Stack Size: 98304, Semaphore: No, Sleep Time: 1, Looping: No.
[LOG] PlaybackSystem::init                     : done
[LOG] Thread::initThread                       : Init FMOD Studio bank load thread. Affinity: 0x8000000000000003, Priority: 0xFFFF7FFD, Stack Size: 98304, Semaphore: No, Sleep Time: 1, Looping: No.
[LOG] Manager::init                            : done.
[LOG] Manager::readBank                        : fileversion = 135, compatVersion = 132 (oldest = 44, newest = 135)
[LOG] Manager::readBank                        : fileversion = 135, compatVersion = 132 (oldest = 44, newest = 135)
[LOG] Manager::readBank                        : fileversion = 135, compatVersion = 132 (oldest = 44, newest = 135)
[LOG] PlaybackSystem::acquireMasterBus         : Setting master channel group format to 6
[LOG] SystemI::createSound                     : filename = ..\FMOD\inter6s\Build\Desktop/Ambience.bank : mode 02010082
[LOG] SystemI::createSound                     : FMOD_NONBLOCKING specified.  Putting into queue to be opened asynchronously!
[LOG] SystemI::createSound                     : setdata soundi = 000002075FB3C928 : node = 000002075C5A6810
[LOG] SystemI::createSound                     : add node to async list : head = 00000207A3BC2F38.  list count = 0
[LOG] AsyncThread::threadFunc                  : Starting Asynchronous operation on sound 000002075FB3C928
[LOG] SystemI::createSoundInternal             :     Create name='..\FMOD\inter6s\Build\Desktop/Ambience.bank', mode=0x02010082
[LOG] SystemI::createSoundInternal             :     exinfo->cbsize             = 224
[LOG] SystemI::createSoundInternal             :     exinfo->length             = 14536736
[LOG] SystemI::createSoundInternal             :     exinfo->fileoffset         = 155360
[LOG] SystemI::createSoundInternal             :     exinfo->numsubsounds       = 1
[LOG] SystemI::createSoundInternal             :     exinfo->inclusionlist      = 000002075C5A6920
[LOG] SystemI::createSoundInternal             :     exinfo->inclusionlistnum   = 1
[LOG] SystemI::createSoundInternal             :     exinfo->suggestedsoundtype = 5
[LOG] SystemI::createSoundInternal             :     exinfo->initialseekpostype = 1
[LOG] SystemI::createSoundInternal             :     Stream 0/1: name='Birds Forest Quiet Wind Loop NR', format=5, channels=2, frequency=48000, lengthbytes=652384, lengthpcm=2687915, pcmblocksize=0, loopstart=0, loopend=0, mode=0x00000000, channelmask=0x00000000, channelorder=0, peakvolume=0.026052.
[LOG] AsyncThread::threadFunc                  : Finished Asynchronous operation on sound 000002075FB3C928
[LOG] SoundI::release                          : Night-insect-sounds (0000020730010778)
[LOG] SoundI::release                          :     Night-insect-sounds (000002075CD56708)
[LOG] SoundI::release                          :     Night-insect-sounds (000002077CE98A28)
[LOG] SoundI::release                          : Empty-city-sound-effect (00000207CB0C0588)
[LOG] SoundI::release                          :     Empty-city-sound-effect (000002075CD58448)
[LOG] SoundI::release                          :     Empty-city-sound-effect (000002077D17E738)
[LOG] SoundI::release                          : Birds Forest Quiet Wind Loop NR (00000207334DC4F8)
[LOG] SoundI::release                          :     Birds Forest Quiet Wind Loop NR (000002075CD56BE8)
[LOG] SoundI::release                          :     Birds Forest Quiet Wind Loop NR (0000020730010268)
[LOG] SoundI::release                          :  (0000020757E31B38)
[LOG] SoundI::release                          :     footstep_carpet_01 (0000020731FBCC68)
[LOG] SoundI::release                          :  (00000207A3CEA778)
[LOG] SoundI::release                          :     footstep_carpet_02 (0000020731FBAA48)
[LOG] SoundI::release                          :  (00000207A3CE9BF8)
[LOG] SoundI::release                          :     footstep_carpet_03 (0000020731FBAD88)
[LOG] SoundI::release                          :  (00000207A3CE9A88)
[LOG] SoundI::release                          :     footstep_carpet_04 (0000020731FBABE8)
[LOG] SoundI::release                          :  (00000207A3CEA048)
[LOG] SoundI::release                          :     footstep_carpet_05 (0000020731FBB5A8)
[LOG] SoundI::release                          :  (00000207A3CE9ED8)
[LOG] SoundI::release                          :     footstep_carpet_06 (0000020731FBB0C8)
[LOG] SoundI::release                          :  (0000020757E30E48)
[LOG] SoundI::release                          :     footstep_carpet_07 (0000020731FBC788)
[LOG] SoundI::release                          :  (00000207A3CEAA58)
[LOG] SoundI::release                          :     footstep_carpet_08 (0000020731FBAF28)
[LOG] SoundI::release                          :  (00000207A3CE9358)
[LOG] SoundI::release                          :     footstep_carpet_09 (0000020731FBA708)
[LOG] SoundI::release                          :  (00000207A3CEAD38)
[LOG] SoundI::release                          :     footstep_carpet_10 (0000020731FBB408)
[LOG] SoundI::release                          :  (0000020757E30CD8)
[LOG] SoundI::release                          :     footstep_carpet_11 (0000020731FBD7C8)
[LOG] SoundI::release                          :  (0000020757E31408)
[LOG] SoundI::release                          :     footstep_carpet_12 (0000020731FBB8E8)
[LOG] SoundI::release                          :  (00000207A3CE9638)
[LOG] SoundI::release                          :     footstep_carpet_13 (0000020731FBD2E8)
[LOG] SoundI::release                          :  (00000207CBB0DE28)
[LOG] SoundI::release                          :     footstep_carpet_14 (0000020732A076D8)
[LOG] SoundI::release                          :  (00000207CBB0C898)
[LOG] SoundI::release                          :     footstep_carpet_15 (0000020732A06B78)
[LOG] SoundI::release                          :  (0000020757E30B68)
[LOG] SoundI::release                          :     footstep_carpet_16 (0000020731FBB268)
[LOG] SoundI::release                          :  (0000020757E31298)
[LOG] SoundI::release                          :     footstep_carpet_17 (0000020731FBBA88)
[LOG] SoundI::release                          :  (0000020757E2ED38)
[LOG] SoundI::release                          :     footstep_carpet_18 (0000020731FBDE48)
[LOG] SoundI::release                          :  (00000207CBB0D6F8)
[LOG] SoundI::release                          :     footstep_carpet_19 (0000020732A07058)
[LOG] SoundI::release                          :  (0000020757E31578)
[LOG] SoundI::release                          :     footstep_carpet_20 (0000020731FBA3C8)
[LOG] SoundI::release                          :  (0000020757E319C8)
[LOG] SoundI::release                          :     footstep-wood-1 (0000020731FBA568)
[LOG] SoundI::release                          :  (00000207A3CE9918)
[LOG] SoundI::release                          :     footstep-wood-2 (0000020731FBCE08)
[LOG] SoundI::release                          :  (0000020757E31CA8)
[LOG] SoundI::release                          :     footstep-wood-3 (0000020731FBC928)
[LOG] SoundI::release                          :  (00000207A3CEA498)
[LOG] SoundI::release                          :     footstep-wood-4 (0000020731FBA8A8)
[LOG] SoundI::release                          :  (00000207CBB0D868)
[LOG] SoundI::release                          :     footstep-wood-5 (0000020732A07398)
[LOG] SoundI::release                          :  (00000207CBB0DCB8)
[LOG] SoundI::release                          :     car1 (0000020732A06D18)
[LOG] SoundI::release                          :  (00000206CDAD6958)
[LOG] SoundI::release                          :     car2 (0000020732A071F8)
[LOG] SoundI::release                          :  (00000207329B0488)
[LOG] SoundI::release                          :     car3 (000002075CD58AC8)
[LOG] SoundI::release                          :  (00000207CBB0CCE8)
[LOG] SoundI::release                          :     car4 (0000020732A07D58)
[LOG] SoundI::release                          : Birds Forest Quiet Wind Loop NR (000002075FB3C928)
[LOG] SoundI::release                          :     Birds Forest Quiet Wind Loop NR (000002075CD578E8)
[LOG] SoundI::release                          :     Birds Forest Quiet Wind Loop NR (000002075FB3DD68)
[LOG] SoundI::release                          : Small-Room-Hiss-Tone-www.fesliyanstudios.com (00000207334DDAE8)
[LOG] SoundI::release                          :     Small-Room-Hiss-Tone-www.fesliyanstudios.com (000002075CD55EE8)
[LOG] SoundI::release                          :     Small-Room-Hiss-Tone-www.fesliyanstudios.com (0000020730010418)
[LOG] SoundI::release                          : balck-background-v (00000207CB0C1D28)
[LOG] SoundI::release                          :     balck-background-v (0000020731FBD488)
[LOG] SoundI::release                          :     balck-background-v (00000207CB0C0228)
[LOG] SoundI::release                          : clock_tic_tac_loop_20s_01 (000002077D17E8E8)
[LOG] SoundI::release                          :     clock_tic_tac_loop_20s_01 (0000020731FBD148)
[LOG] SoundI::release                          :     clock_tic_tac_loop_20s_01 (000002077D17F158)
[LOG] SoundI::release                          :  (00000207329B0318)
[LOG] SoundI::release                          :     dogs1 (000002075CD56F28)
[LOG] SoundI::release                          :  (00000206CD041FD8)
[LOG] SoundI::release                          :     dogs10 (0000020732A06018)
[LOG] SoundI::release                          :  (00000207CBB0DB48)
[LOG] SoundI::release                          :     dogs11 (0000020732A069D8)
[LOG] SoundI::release                          :  (00000207CBB0DF98)
[LOG] SoundI::release                          :     dogs12 (0000020732A06358)
[LOG] SoundI::release                          :  (00000207329AF068)
[LOG] SoundI::release                          :     dogs13 (000002075CD597C8)
[LOG] SoundI::release                          :  (00000207329AE938)
[LOG] SoundI::release                          :     dogs14 (000002075CD58FA8)
[LOG] SoundI::release                          :  (00000207329B1458)
[LOG] SoundI::release                          :     dogs2 (000002075CD57408)
[LOG] SoundI::release                          :  (00000207329B0A48)
[LOG] SoundI::release                          :     dogs3 (000002075CD59628)
[LOG] SoundI::release                          :  (00000207329AED88)
[LOG] SoundI::release                          :     dogs4 (000002075CD57268)
[LOG] SoundI::release                          :  (000002077CE139C8)
[LOG] SoundI::release                          :     dogs5 (000002075CD59148)
[LOG] SoundI::release                          :  (00000207329B18A8)
[LOG] SoundI::release                          :     dogs6 (000002075CD57A88)
[LOG] SoundI::release                          :  (0000020757E302C8)
[LOG] SoundI::release                          :     dogs7 (0000020732A061B8)
[LOG] SoundI::release                          :  (00000207329AF628)
[LOG] SoundI::release                          :     dogs8 (000002075CD58108)
[LOG] SoundI::release                          :  (00000206CCEAF718)
[LOG] SoundI::release                          :     dogs9 (0000020732A06838)
[LOG] SoundI::release                          :  (00000206CDAD6508)
[LOG] SoundI::release                          :     birds1 (0000020732A07BB8)
[LOG] SoundI::release                          :  (00000206CCEAFB68)
[LOG] SoundI::release                          :     birds10 (0000020732A07A18)
[LOG] SoundI::release                          :  (00000207329AEC18)
[LOG] SoundI::release                          :     birds2 (000002075CD592E8)
[LOG] SoundI::release                          :  (000002052A2B64E8)
[LOG] SoundI::release                          :     birds3 (0000020732A07538)
[LOG] SoundI::release                          :  (00000207329B12E8)
[LOG] SoundI::release                          :     birds4 (000002075CD570C8)
[LOG] SoundI::release                          :  (00000207CBB0CB78)
[LOG] SoundI::release                          :     birds5 (0000020732A07878)
[LOG] SoundI::release                          :  (00000207329AFD58)
[LOG] SoundI::release                          :     birds6 (000002075CD57DC8)
[LOG] SoundI::release                          :  (00000206CDAD5F48)
[LOG] SoundI::release                          :     birds7 (0000020732A06EB8)
[LOG] SoundI::release                          :  (0000020757E2E778)
[LOG] SoundI::release                          :     birds8 (0000020732A064F8)
[LOG] SoundI::release                          :  (00000206CD043568)
[LOG] SoundI::release                          :     birds9 (0000020732A06698)
[LOG] Thread::callback                         : FMOD Studio update thread finished.
[LOG] Thread::callback                         : FMOD Studio bank load thread finished.
[LOG] Profile::disconnectAll                   : Profiler disconnecting all clients
[LOG] Thread::callback                         : FMOD Studio sample load thread finished.
[LOG] LiveUpdate::release                      : 
[LOG] LiveUpdate::reset                        : Reset connection (reason Disconnected)
[LOG] Thread::callback                         : FMOD stream thread finished.
[LOG] Thread::callback                         : FMOD mixer thread finished.
[LOG] Profile::disconnectAll                   : Profiler disconnecting all clients
[LOG] SystemI::close                           : Closed.
